[    3848ms] [WARNING] The resource http://localhost:3000/_next/static/chunks/node_modules_126khc1._.css was preloaded using link preload but not used within a few seconds from the window's load event. Please make sure it has an appropriate `as` value and it is preloaded intentionally. @ http://localhost:3000/dashboard/articles/13780db5-3352-45cc-82f7-2771230ee3c4/edit:0
[  960121ms] TypeError: Cannot read properties of undefined (reading 'map')
    at TagsInput (http://localhost:3000/_next/static/chunks/_0z4_3cs._.js?id=%255Bproject%255D%252Fcomponents%252Fui%252FTagsInput.tsx+%255Bapp-client%255D+%2528ecmascript%2529:103:27)
    at Object.react_stack_bottom_frame (http://localhost:3000/_next/static/chunks/node_modules_next_dist_compiled_react-dom_058-ah~._.js:15037:24)
    at renderWithHooks (http://localhost:3000/_next/static/chunks/node_modules_next_dist_compiled_react-dom_058-ah~._.js:4620:24)
    at updateFunctionComponent (http://localhost:3000/_next/static/chunks/node_modules_next_dist_compiled_react-dom_058-ah~._.js:6081:21)
    at beginWork (http://localhost:3000/_next/static/chunks/node_modules_next_dist_compiled_react-dom_058-ah~._.js:6691:24)
    at runWithFiberInDEV (http://localhost:3000/_next/static/chunks/node_modules_next_dist_compiled_react-dom_058-ah~._.js:965:74)
    at performUnitOfWork (http://localhost:3000/_next/static/chunks/node_modules_next_dist_compiled_react-dom_058-ah~._.js:9555:97)
    at workLoopSync (http://localhost:3000/_next/static/chunks/node_modules_next_dist_compiled_react-dom_058-ah~._.js:9449:40)
    at renderRootSync (http://localhost:3000/_next/static/chunks/node_modules_next_dist_compiled_react-dom_058-ah~._.js:9433:13)
    at performWorkOnRoot (http://localhost:3000/_next/static/chunks/node_modules_next_dist_compiled_react-dom_058-ah~._.js:9061:186)
    at performSyncWorkOnRoot (http://localhost:3000/_next/static/chunks/node_modules_next_dist_compiled_react-dom_058-ah~._.js:10263:9)
    at flushSyncWorkAcrossRoots_impl (http://localhost:3000/_next/static/chunks/node_modules_next_dist_compiled_react-dom_058-ah~._.js:10179:316)
    at processRootScheduleInMicrotask (http://localhost:3000/_next/static/chunks/node_modules_next_dist_compiled_react-dom_058-ah~._.js:10200:106)
    at http://localhost:3000/_next/static/chunks/node_modules_next_dist_compiled_react-dom_058-ah~._.js:10274:158
[  973994ms] [ERROR] Failed to load resource: the server responded with a status of 404 (Not Found) @ http://localhost:3000/dashboard/articles/c2000001-0000-0000-0000-000000000003/edit:0
[  977135ms] [WARNING] The resource http://localhost:3000/_next/static/chunks/node_modules_126khc1._.css was preloaded using link preload but not used within a few seconds from the window's load event. Please make sure it has an appropriate `as` value and it is preloaded intentionally. @ http://localhost:3000/dashboard/articles/c2000001-0000-0000-0000-000000000003/edit:0
[ 1018255ms] [WARNING] The resource http://localhost:3000/_next/static/chunks/node_modules_126khc1._.css was preloaded using link preload but not used within a few seconds from the window's load event. Please make sure it has an appropriate `as` value and it is preloaded intentionally. @ http://localhost:3000/dashboard/articles/c2000001-0000-0000-0000-000000000003/edit:0
[ 1030980ms] [WARNING] The resource http://localhost:3000/_next/static/chunks/node_modules_126khc1._.css was preloaded using link preload but not used within a few seconds from the window's load event. Please make sure it has an appropriate `as` value and it is preloaded intentionally. @ http://localhost:3000/dashboard/articles/c2000001-0000-0000-0000-000000000003/edit:0
[ 1097011ms] [WARNING] The resource http://localhost:3000/_next/static/chunks/node_modules_126khc1._.css was preloaded using link preload but not used within a few seconds from the window's load event. Please make sure it has an appropriate `as` value and it is preloaded intentionally. @ http://localhost:3000/dashboard/articles/c2000001-0000-0000-0000-000000000003/edit:0
[ 1849114ms] [WARNING] The resource http://localhost:3000/_next/static/chunks/node_modules_126khc1._.css was preloaded using link preload but not used within a few seconds from the window's load event. Please make sure it has an appropriate `as` value and it is preloaded intentionally. @ http://localhost:3000/dashboard/articles/c2000001-0000-0000-0000-000000000003/edit:0
[ 1853206ms] [WARNING] The resource http://localhost:3000/_next/static/chunks/node_modules_126khc1._.css was preloaded using link preload but not used within a few seconds from the window's load event. Please make sure it has an appropriate `as` value and it is preloaded intentionally. @ http://localhost:3000/dashboard/articles/c2000001-0000-0000-0000-000000000003/edit:0
[ 1883438ms] [WARNING] The resource http://localhost:3000/_next/static/chunks/node_modules_126khc1._.css was preloaded using link preload but not used within a few seconds from the window's load event. Please make sure it has an appropriate `as` value and it is preloaded intentionally. @ http://localhost:3000/dashboard/articles/c2000001-0000-0000-0000-000000000003/edit:0
[ 1896317ms] [WARNING] The resource http://localhost:3000/_next/static/chunks/node_modules_126khc1._.css was preloaded using link preload but not used within a few seconds from the window's load event. Please make sure it has an appropriate `as` value and it is preloaded intentionally. @ http://localhost:3000/dashboard/articles/c2000001-0000-0000-0000-000000000003/edit:0
[ 1900384ms] [WARNING] The resource http://localhost:3000/_next/static/chunks/node_modules_126khc1._.css was preloaded using link preload but not used within a few seconds from the window's load event. Please make sure it has an appropriate `as` value and it is preloaded intentionally. @ http://localhost:3000/dashboard/articles/c2000001-0000-0000-0000-000000000003/edit:0
[ 1910579ms] [WARNING] The resource http://localhost:3000/_next/static/chunks/node_modules_126khc1._.css was preloaded using link preload but not used within a few seconds from the window's load event. Please make sure it has an appropriate `as` value and it is preloaded intentionally. @ http://localhost:3000/dashboard/articles/c2000001-0000-0000-0000-000000000003/edit:0
[ 1919654ms] [WARNING] The resource http://localhost:3000/_next/static/chunks/node_modules_126khc1._.css was preloaded using link preload but not used within a few seconds from the window's load event. Please make sure it has an appropriate `as` value and it is preloaded intentionally. @ http://localhost:3000/dashboard/articles/c2000001-0000-0000-0000-000000000003/edit:0
[ 1931686ms] [WARNING] The resource http://localhost:3000/_next/static/chunks/node_modules_126khc1._.css was preloaded using link preload but not used within a few seconds from the window's load event. Please make sure it has an appropriate `as` value and it is preloaded intentionally. @ http://localhost:3000/dashboard/articles/c2000001-0000-0000-0000-000000000003/edit:0
[ 1946520ms] [WARNING] The resource http://localhost:3000/_next/static/chunks/node_modules_126khc1._.css was preloaded using link preload but not used within a few seconds from the window's load event. Please make sure it has an appropriate `as` value and it is preloaded intentionally. @ http://localhost:3000/dashboard/articles/c2000001-0000-0000-0000-000000000003/edit:0
[ 1953262ms] [WARNING] The resource http://localhost:3000/_next/static/chunks/node_modules_126khc1._.css was preloaded using link preload but not used within a few seconds from the window's load event. Please make sure it has an appropriate `as` value and it is preloaded intentionally. @ http://localhost:3000/dashboard/articles/c2000001-0000-0000-0000-000000000003/edit:0
[ 1968733ms] [WARNING] The resource http://localhost:3000/_next/static/chunks/node_modules_126khc1._.css was preloaded using link preload but not used within a few seconds from the window's load event. Please make sure it has an appropriate `as` value and it is preloaded intentionally. @ http://localhost:3000/dashboard/articles/c2000001-0000-0000-0000-000000000003/edit:0
[ 1976024ms] [WARNING] The resource http://localhost:3000/_next/static/chunks/node_modules_126khc1._.css was preloaded using link preload but not used within a few seconds from the window's load event. Please make sure it has an appropriate `as` value and it is preloaded intentionally. @ http://localhost:3000/dashboard/articles/c2000001-0000-0000-0000-000000000003/edit:0
[ 1988623ms] [WARNING] The resource http://localhost:3000/_next/static/chunks/node_modules_126khc1._.css was preloaded using link preload but not used within a few seconds from the window's load event. Please make sure it has an appropriate `as` value and it is preloaded intentionally. @ http://localhost:3000/dashboard/articles/c2000001-0000-0000-0000-000000000003/edit:0
[ 2012323ms] [WARNING] The resource http://localhost:3000/_next/static/chunks/node_modules_126khc1._.css was preloaded using link preload but not used within a few seconds from the window's load event. Please make sure it has an appropriate `as` value and it is preloaded intentionally. @ http://localhost:3000/dashboard/articles/c2000001-0000-0000-0000-000000000003/edit:0
[ 2020209ms] [WARNING] The resource http://localhost:3000/_next/static/chunks/node_modules_126khc1._.css was preloaded using link preload but not used within a few seconds from the window's load event. Please make sure it has an appropriate `as` value and it is preloaded intentionally. @ http://localhost:3000/dashboard/articles/c2000001-0000-0000-0000-000000000003/edit:0
[ 2036952ms] [WARNING] The resource http://localhost:3000/_next/static/chunks/node_modules_126khc1._.css was preloaded using link preload but not used within a few seconds from the window's load event. Please make sure it has an appropriate `as` value and it is preloaded intentionally. @ http://localhost:3000/dashboard/articles/c2000001-0000-0000-0000-000000000003/edit:0
[ 2044356ms] [WARNING] The resource http://localhost:3000/_next/static/chunks/node_modules_126khc1._.css was preloaded using link preload but not used within a few seconds from the window's load event. Please make sure it has an appropriate `as` value and it is preloaded intentionally. @ http://localhost:3000/dashboard/articles/c2000001-0000-0000-0000-000000000003/edit:0
[ 2466543ms] [WARNING] The resource http://localhost:3000/_next/static/chunks/node_modules_126khc1._.css was preloaded using link preload but not used within a few seconds from the window's load event. Please make sure it has an appropriate `as` value and it is preloaded intentionally. @ http://localhost:3000/dashboard/articles/c2000001-0000-0000-0000-000000000003/edit:0
[ 2629338ms] [WARNING] The resource http://localhost:3000/_next/static/chunks/node_modules_126khc1._.css was preloaded using link preload but not used within a few seconds from the window's load event. Please make sure it has an appropriate `as` value and it is preloaded intentionally. @ http://localhost:3000/dashboard/articles/c2000001-0000-0000-0000-000000000003/edit:0
[ 2817647ms] [WARNING] The resource http://localhost:3000/_next/static/chunks/node_modules_126khc1._.css was preloaded using link preload but not used within a few seconds from the window's load event. Please make sure it has an appropriate `as` value and it is preloaded intentionally. @ http://localhost:3000/dashboard/articles/c2000001-0000-0000-0000-000000000003/edit:0
[ 2831074ms] [ERROR] ./app/[locale]/page.tsx:443:22
Unterminated regexp literal
  441 |                         />
  442 |                       </div>
> 443 |                     </div>
      |                      ^^^^^
  444 |                   )}
  445 |                   {/* Right: 2 stacked article cards */}
  446 |                   {featuredArticles.length > 0 && (

Parsing ecmascript source code failed @ http://localhost:3000/_next/static/chunks/node_modules_next_dist_115brz8._.js:3272
[ 2831118ms] [ERROR] ./app/[locale]/page.tsx:443:22
Unterminated regexp literal
  441 |                         />
  442 |                       </div>
> 443 |                     </div>
      |                      ^^^^^
  444 |                   )}
  445 |                   {/* Right: 2 stacked article cards */}
  446 |                   {featuredArticles.length > 0 && (

Parsing ecmascript source code failed @ http://localhost:3000/_next/static/chunks/node_modules_next_dist_115brz8._.js:3272
[ 2834100ms] [WARNING] The resource http://localhost:3000/_next/static/chunks/node_modules_126khc1._.css was preloaded using link preload but not used within a few seconds from the window's load event. Please make sure it has an appropriate `as` value and it is preloaded intentionally. @ http://localhost:3000/dashboard/articles/c2000001-0000-0000-0000-000000000003/edit:0
[ 2844376ms] [WARNING] The resource http://localhost:3000/_next/static/chunks/node_modules_126khc1._.css was preloaded using link preload but not used within a few seconds from the window's load event. Please make sure it has an appropriate `as` value and it is preloaded intentionally. @ http://localhost:3000/dashboard/articles/c2000001-0000-0000-0000-000000000003/edit:0
[ 3185563ms] [WARNING] The resource http://localhost:3000/_next/static/chunks/node_modules_126khc1._.css was preloaded using link preload but not used within a few seconds from the window's load event. Please make sure it has an appropriate `as` value and it is preloaded intentionally. @ http://localhost:3000/dashboard/articles/c2000001-0000-0000-0000-000000000003/edit:0
[ 3231422ms] [ERROR] WebSocket connection to 'ws://localhost:3000/_next/webpack-hmr?id=57VreJkVoFoFk23JmnjEe' failed: Error in connection establishment: net::ERR_CONNECTION_REFUSED @ http://localhost:3000/_next/static/chunks/node_modules_next_dist_client_0fhqo1d._.js:13299
[ 3232424ms] [ERROR] WebSocket connection to 'ws://localhost:3000/_next/webpack-hmr?id=57VreJkVoFoFk23JmnjEe' failed: Error in connection establishment: net::ERR_CONNECTION_REFUSED @ http://localhost:3000/_next/static/chunks/node_modules_next_dist_client_0fhqo1d._.js:13299
[ 3233426ms] [ERROR] WebSocket connection to 'ws://localhost:3000/_next/webpack-hmr?id=57VreJkVoFoFk23JmnjEe' failed: Error in connection establishment: net::ERR_CONNECTION_REFUSED @ http://localhost:3000/_next/static/chunks/node_modules_next_dist_client_0fhqo1d._.js:13299
[ 3234429ms] [ERROR] WebSocket connection to 'ws://localhost:3000/_next/webpack-hmr?id=57VreJkVoFoFk23JmnjEe' failed: Error in connection establishment: net::ERR_CONNECTION_REFUSED @ http://localhost:3000/_next/static/chunks/node_modules_next_dist_client_0fhqo1d._.js:13299
[ 3235434ms] [ERROR] WebSocket connection to 'ws://localhost:3000/_next/webpack-hmr?id=57VreJkVoFoFk23JmnjEe' failed: Error in connection establishment: net::ERR_CONNECTION_REFUSED @ http://localhost:3000/_next/static/chunks/node_modules_next_dist_client_0fhqo1d._.js:13299
[ 3244398ms] [ERROR] Failed to load resource: the server responded with a status of 500 (Internal Server Error) @ http://localhost:3000/dashboard/articles/c2000001-0000-0000-0000-000000000003/edit:0
[ 3925127ms] [WARNING] %c%s%c [33m[1m⚠[22m[39m Unsupported metadata themeColor is configured in metadata export in /[locale]/dashboard/articles/[id]/edit. Please move it to viewport export instead.
Read more: https://nextjs.org/docs/app/api-reference/functions/generate-viewport background: #e6e6e6;background: light-dark(rgba(0,0,0,0.1), rgba(255,255,255,0.25));color: #000000;color: light-dark(#000000, #ffffff);border-radius: 2px  Server   @ http://localhost:3000/_next/static/chunks/node_modules_next_dist_115brz8._.js:2431
[ 3925496ms] [WARNING] %c%s%c [33m[1m⚠[22m[39m Unsupported metadata themeColor is configured in metadata export in /[locale]/dashboard/articles/[id]/edit. Please move it to viewport export instead.
Read more: https://nextjs.org/docs/app/api-reference/functions/generate-viewport background: #e6e6e6;background: light-dark(rgba(0,0,0,0.1), rgba(255,255,255,0.25));color: #000000;color: light-dark(#000000, #ffffff);border-radius: 2px  Server   @ http://localhost:3000/_next/static/chunks/node_modules_next_dist_115brz8._.js:2431
[ 3925657ms] [WARNING] %c%s%c [33m[1m⚠[22m[39m Unsupported metadata themeColor is configured in metadata export in /[locale]/dashboard/articles/[id]/edit. Please move it to viewport export instead.
Read more: https://nextjs.org/docs/app/api-reference/functions/generate-viewport background: #e6e6e6;background: light-dark(rgba(0,0,0,0.1), rgba(255,255,255,0.25));color: #000000;color: light-dark(#000000, #ffffff);border-radius: 2px  Server   @ http://localhost:3000/_next/static/chunks/node_modules_next_dist_115brz8._.js:2431
[ 3925834ms] [WARNING] %c%s%c [33m[1m⚠[22m[39m Unsupported metadata themeColor is configured in metadata export in /[locale]/dashboard/articles/[id]/edit. Please move it to viewport export instead.
Read more: https://nextjs.org/docs/app/api-reference/functions/generate-viewport background: #e6e6e6;background: light-dark(rgba(0,0,0,0.1), rgba(255,255,255,0.25));color: #000000;color: light-dark(#000000, #ffffff);border-radius: 2px  Server   @ http://localhost:3000/_next/static/chunks/node_modules_next_dist_115brz8._.js:2431
[ 3925962ms] [WARNING] %c%s%c [33m[1m⚠[22m[39m Unsupported metadata themeColor is configured in metadata export in /[locale]/dashboard/articles/[id]/edit. Please move it to viewport export instead.
Read more: https://nextjs.org/docs/app/api-reference/functions/generate-viewport background: #e6e6e6;background: light-dark(rgba(0,0,0,0.1), rgba(255,255,255,0.25));color: #000000;color: light-dark(#000000, #ffffff);border-radius: 2px  Server   @ http://localhost:3000/_next/static/chunks/node_modules_next_dist_115brz8._.js:2431
