[      38ms] [WARNING] [Fast Refresh] performing full reload because your application had an unrecoverable error @ webpack-internal:///(pages-dir-browser)/./node_modules/next/dist/next-devtools/shared/forward-logs-shared.js:27
[     185ms] [WARNING] [Fast Refresh] performing full reload because your application had an unrecoverable error @ webpack-internal:///(pages-dir-browser)/./node_modules/next/dist/next-devtools/shared/forward-logs-shared.js:27
[     324ms] [WARNING] [Fast Refresh] performing full reload because your application had an unrecoverable error @ webpack-internal:///(pages-dir-browser)/./node_modules/next/dist/next-devtools/shared/forward-logs-shared.js:27
[     421ms] [WARNING] [Fast Refresh] performing full reload because your application had an unrecoverable error @ webpack-internal:///(pages-dir-browser)/./node_modules/next/dist/next-devtools/shared/forward-logs-shared.js:27
[     513ms] [WARNING] [Fast Refresh] performing full reload because your application had an unrecoverable error @ webpack-internal:///(pages-dir-browser)/./node_modules/next/dist/next-devtools/shared/forward-logs-shared.js:27
[    1178ms] [ERROR] Base UI: A component that acts as a button expected a native <button> because the `nativeButton` prop is true. Rendering a non-<button> removes native button semantics, which can impact forms and accessibility. Use a real <button> in the `render` prop, or set `nativeButton` to `false`.
    at Button (webpack-internal:///(app-pages-browser)/./components/ui/button.tsx:15:87)
    at Navigation (webpack-internal:///(app-pages-browser)/./components/layout/Navigation.tsx:97:112)
    at CreateArticlePage (about://React/Server/webpack-internal:///(rsc)/./app/%5Blocale%5D/create/article/page.tsx?35:30:88) @ :0
[    1178ms] [ERROR] Base UI: A component that acts as a button expected a native <button> because the `nativeButton` prop is true. Rendering a non-<button> removes native button semantics, which can impact forms and accessibility. Use a real <button> in the `render` prop, or set `nativeButton` to `false`.
    at Button (webpack-internal:///(app-pages-browser)/./components/ui/button.tsx:15:87)
    at Navigation (webpack-internal:///(app-pages-browser)/./components/layout/Navigation.tsx:113:112)
    at CreateArticlePage (about://React/Server/webpack-internal:///(rsc)/./app/%5Blocale%5D/create/article/page.tsx?35:30:88) @ :0
[    1181ms] [WARNING] [tiptap warn]: Duplicate extension names found: ['link', 'underline']. This can lead to issues. @ webpack-internal:///(app-pages-browser)/./node_modules/next/dist/next-devtools/shared/forward-logs-shared.js:27
[    4740ms] [WARNING] The resource http://localhost:3000/_next/static/css/app/layout.css?v=1774175940325 was preloaded using link preload but not used within a few seconds from the window's load event. Please make sure it has an appropriate `as` value and it is preloaded intentionally. @ http://localhost:3000/create/article:0
[    8035ms] [WARNING] The resource http://localhost:3000/_next/static/css/app/layout.css?v=1774175940325 was preloaded using link preload but not used within a few seconds from the window's load event. Please make sure it has an appropriate `as` value and it is preloaded intentionally. @ http://localhost:3000/create/article:0
[   10796ms] [ERROR] Failed to load resource: the server responded with a status of 500 (Internal Server Error) @ http://localhost:3000/create/article:0
[   10803ms] Error: new row violates row-level security policy for table "content_translations"
    at createArticle (about://React/Server/webpack-internal:///(action-browser)/./lib/actions/article.ts?58:56:33)
    at resolveErrorDev (webpack-internal:///(app-pages-browser)/./node_modules/next/dist/compiled/react-server-dom-webpack/cjs/react-server-dom-webpack-client.browser.development.js:3269:51)
    at processFullStringRow (webpack-internal:///(app-pages-browser)/./node_modules/next/dist/compiled/react-server-dom-webpack/cjs/react-server-dom-webpack-client.browser.development.js:4436:23)
    at processFullBinaryRow (webpack-internal:///(app-pages-browser)/./node_modules/next/dist/compiled/react-server-dom-webpack/cjs/react-server-dom-webpack-client.browser.development.js:4379:7)
    at processBinaryChunk (webpack-internal:///(app-pages-browser)/./node_modules/next/dist/compiled/react-server-dom-webpack/cjs/react-server-dom-webpack-client.browser.development.js:4602:19)
    at progress (webpack-internal:///(app-pages-browser)/./node_modules/next/dist/compiled/react-server-dom-webpack/cjs/react-server-dom-webpack-client.browser.development.js:4933:9)
[   10940ms] [WARNING] [Fast Refresh] performing full reload because your application had an unrecoverable error @ webpack-internal:///(app-pages-browser)/./node_modules/next/dist/next-devtools/shared/forward-logs-shared.js:27
[   11108ms] [WARNING] [Fast Refresh] performing full reload because your application had an unrecoverable error @ webpack-internal:///(app-pages-browser)/./node_modules/next/dist/next-devtools/shared/forward-logs-shared.js:27
[   11314ms] [WARNING] [Fast Refresh] performing full reload because your application had an unrecoverable error @ webpack-internal:///(app-pages-browser)/./node_modules/next/dist/next-devtools/shared/forward-logs-shared.js:27
[   12245ms] [ERROR] Base UI: A component that acts as a button expected a native <button> because the `nativeButton` prop is true. Rendering a non-<button> removes native button semantics, which can impact forms and accessibility. Use a real <button> in the `render` prop, or set `nativeButton` to `false`.
    at Button (webpack-internal:///(app-pages-browser)/./components/ui/button.tsx:15:87)
    at Navigation (webpack-internal:///(app-pages-browser)/./components/layout/Navigation.tsx:97:112)
    at CreateArticlePage (about://React/Server/webpack-internal:///(rsc)/./app/%5Blocale%5D/create/article/page.tsx?35:30:88) @ :0
[   12248ms] [ERROR] Base UI: A component that acts as a button expected a native <button> because the `nativeButton` prop is true. Rendering a non-<button> removes native button semantics, which can impact forms and accessibility. Use a real <button> in the `render` prop, or set `nativeButton` to `false`.
    at Button (webpack-internal:///(app-pages-browser)/./components/ui/button.tsx:15:87)
    at Navigation (webpack-internal:///(app-pages-browser)/./components/layout/Navigation.tsx:113:112)
    at CreateArticlePage (about://React/Server/webpack-internal:///(rsc)/./app/%5Blocale%5D/create/article/page.tsx?35:30:88) @ :0
[   12266ms] [WARNING] [tiptap warn]: Duplicate extension names found: ['link', 'underline']. This can lead to issues. @ webpack-internal:///(app-pages-browser)/./node_modules/next/dist/next-devtools/shared/forward-logs-shared.js:27
[   51562ms] [ERROR] Failed to load resource: the server responded with a status of 500 (Internal Server Error) @ http://localhost:3000/create/article:0
[   51570ms] Error: new row violates row-level security policy for table "content_translations"
    at createArticle (about://React/Server/webpack-internal:///(action-browser)/./lib/actions/article.ts?58:56:33)
    at resolveErrorDev (webpack-internal:///(app-pages-browser)/./node_modules/next/dist/compiled/react-server-dom-webpack/cjs/react-server-dom-webpack-client.browser.development.js:3269:51)
    at processFullStringRow (webpack-internal:///(app-pages-browser)/./node_modules/next/dist/compiled/react-server-dom-webpack/cjs/react-server-dom-webpack-client.browser.development.js:4436:23)
    at processFullBinaryRow (webpack-internal:///(app-pages-browser)/./node_modules/next/dist/compiled/react-server-dom-webpack/cjs/react-server-dom-webpack-client.browser.development.js:4379:7)
    at processBinaryChunk (webpack-internal:///(app-pages-browser)/./node_modules/next/dist/compiled/react-server-dom-webpack/cjs/react-server-dom-webpack-client.browser.development.js:4602:19)
    at progress (webpack-internal:///(app-pages-browser)/./node_modules/next/dist/compiled/react-server-dom-webpack/cjs/react-server-dom-webpack-client.browser.development.js:4933:9)
[   51788ms] [WARNING] [Fast Refresh] performing full reload because your application had an unrecoverable error @ webpack-internal:///(app-pages-browser)/./node_modules/next/dist/next-devtools/shared/forward-logs-shared.js:27
[   51952ms] [WARNING] [Fast Refresh] performing full reload because your application had an unrecoverable error @ webpack-internal:///(app-pages-browser)/./node_modules/next/dist/next-devtools/shared/forward-logs-shared.js:27
[   52053ms] [WARNING] [Fast Refresh] performing full reload because your application had an unrecoverable error @ webpack-internal:///(app-pages-browser)/./node_modules/next/dist/next-devtools/shared/forward-logs-shared.js:27
[   52399ms] [WARNING] [Fast Refresh] performing full reload because your application had an unrecoverable error @ webpack-internal:///(app-pages-browser)/./node_modules/next/dist/next-devtools/shared/forward-logs-shared.js:27
[   52567ms] [WARNING] [Fast Refresh] performing full reload because your application had an unrecoverable error @ webpack-internal:///(app-pages-browser)/./node_modules/next/dist/next-devtools/shared/forward-logs-shared.js:27
[   53143ms] [ERROR] Base UI: A component that acts as a button expected a native <button> because the `nativeButton` prop is true. Rendering a non-<button> removes native button semantics, which can impact forms and accessibility. Use a real <button> in the `render` prop, or set `nativeButton` to `false`.
    at Button (webpack-internal:///(app-pages-browser)/./components/ui/button.tsx:15:87)
    at Navigation (webpack-internal:///(app-pages-browser)/./components/layout/Navigation.tsx:97:112)
    at CreateArticlePage (about://React/Server/webpack-internal:///(rsc)/./app/%5Blocale%5D/create/article/page.tsx?35:30:88) @ :0
[   53144ms] [ERROR] Base UI: A component that acts as a button expected a native <button> because the `nativeButton` prop is true. Rendering a non-<button> removes native button semantics, which can impact forms and accessibility. Use a real <button> in the `render` prop, or set `nativeButton` to `false`.
    at Button (webpack-internal:///(app-pages-browser)/./components/ui/button.tsx:15:87)
    at Navigation (webpack-internal:///(app-pages-browser)/./components/layout/Navigation.tsx:113:112)
    at CreateArticlePage (about://React/Server/webpack-internal:///(rsc)/./app/%5Blocale%5D/create/article/page.tsx?35:30:88) @ :0
[   53144ms] [WARNING] [tiptap warn]: Duplicate extension names found: ['link', 'underline']. This can lead to issues. @ webpack-internal:///(app-pages-browser)/./node_modules/next/dist/next-devtools/shared/forward-logs-shared.js:27
[  288689ms] [ERROR] Base UI: A component that acts as a button expected a native <button> because the `nativeButton` prop is true. Rendering a non-<button> removes native button semantics, which can impact forms and accessibility. Use a real <button> in the `render` prop, or set `nativeButton` to `false`.
    at Button (webpack-internal:///(app-pages-browser)/./components/ui/button.tsx:15:87)
    at Navigation (webpack-internal:///(app-pages-browser)/./components/layout/Navigation.tsx:97:112)
    at CreateArticlePage (about://React/Server/webpack-internal:///(rsc)/./app/%5Blocale%5D/create/article/page.tsx?35:30:88) @ :0
[  288690ms] [ERROR] Base UI: A component that acts as a button expected a native <button> because the `nativeButton` prop is true. Rendering a non-<button> removes native button semantics, which can impact forms and accessibility. Use a real <button> in the `render` prop, or set `nativeButton` to `false`.
    at Button (webpack-internal:///(app-pages-browser)/./components/ui/button.tsx:15:87)
    at Navigation (webpack-internal:///(app-pages-browser)/./components/layout/Navigation.tsx:113:112)
    at CreateArticlePage (about://React/Server/webpack-internal:///(rsc)/./app/%5Blocale%5D/create/article/page.tsx?35:30:88) @ :0
[  288691ms] [WARNING] [tiptap warn]: Duplicate extension names found: ['link', 'underline']. This can lead to issues. @ webpack-internal:///(app-pages-browser)/./node_modules/next/dist/next-devtools/shared/forward-logs-shared.js:27
[  292260ms] [ERROR] Base UI: A component that acts as a button expected a native <button> because the `nativeButton` prop is true. Rendering a non-<button> removes native button semantics, which can impact forms and accessibility. Use a real <button> in the `render` prop, or set `nativeButton` to `false`.
    at EditArticlePage (about://React/Server/webpack-internal:///(rsc)/./app/%5Blocale%5D/dashboard/articles/%5Bid%5D/edit/page.tsx?66:40:88) @ :0
[  292261ms] [WARNING] [tiptap warn]: Duplicate extension names found: ['link', 'underline']. This can lead to issues. @ webpack-internal:///(app-pages-browser)/./node_modules/next/dist/next-devtools/shared/forward-logs-shared.js:27
[  310654ms] [ERROR] Base UI: A component that acts as a button expected a native <button> because the `nativeButton` prop is true. Rendering a non-<button> removes native button semantics, which can impact forms and accessibility. Use a real <button> in the `render` prop, or set `nativeButton` to `false`.
    at Button (webpack-internal:///(app-pages-browser)/./components/ui/button.tsx:15:87)
    at Navigation (webpack-internal:///(app-pages-browser)/./components/layout/Navigation.tsx:97:112)
    at CreateVideoPage (about://React/Server/webpack-internal:///(rsc)/./app/%5Blocale%5D/create/video/page.tsx?35:30:88) @ :0
[  310654ms] [ERROR] Base UI: A component that acts as a button expected a native <button> because the `nativeButton` prop is true. Rendering a non-<button> removes native button semantics, which can impact forms and accessibility. Use a real <button> in the `render` prop, or set `nativeButton` to `false`.
    at Button (webpack-internal:///(app-pages-browser)/./components/ui/button.tsx:15:87)
    at Navigation (webpack-internal:///(app-pages-browser)/./components/layout/Navigation.tsx:113:112)
    at CreateVideoPage (about://React/Server/webpack-internal:///(rsc)/./app/%5Blocale%5D/create/video/page.tsx?35:30:88) @ :0
[  313614ms] [ERROR] Base UI: A component that acts as a button expected a native <button> because the `nativeButton` prop is true. Rendering a non-<button> removes native button semantics, which can impact forms and accessibility. Use a real <button> in the `render` prop, or set `nativeButton` to `false`.
    at Button (webpack-internal:///(app-pages-browser)/./components/ui/button.tsx:15:87)
    at Navigation (webpack-internal:///(app-pages-browser)/./components/layout/Navigation.tsx:97:112)
    at CreatePodcastPage (about://React/Server/webpack-internal:///(rsc)/./app/%5Blocale%5D/create/podcast/page.tsx?35:30:88) @ :0
[  313619ms] [ERROR] Base UI: A component that acts as a button expected a native <button> because the `nativeButton` prop is true. Rendering a non-<button> removes native button semantics, which can impact forms and accessibility. Use a real <button> in the `render` prop, or set `nativeButton` to `false`.
    at Button (webpack-internal:///(app-pages-browser)/./components/ui/button.tsx:15:87)
    at Navigation (webpack-internal:///(app-pages-browser)/./components/layout/Navigation.tsx:113:112)
    at CreatePodcastPage (about://React/Server/webpack-internal:///(rsc)/./app/%5Blocale%5D/create/podcast/page.tsx?35:30:88) @ :0
[  316427ms] [ERROR] Base UI: A component that acts as a button expected a native <button> because the `nativeButton` prop is true. Rendering a non-<button> removes native button semantics, which can impact forms and accessibility. Use a real <button> in the `render` prop, or set `nativeButton` to `false`.
    at Button (webpack-internal:///(app-pages-browser)/./components/ui/button.tsx:15:87)
    at Navigation (webpack-internal:///(app-pages-browser)/./components/layout/Navigation.tsx:97:112)
    at CreatePillPage (about://React/Server/webpack-internal:///(rsc)/./app/%5Blocale%5D/create/pill/page.tsx?35:30:88) @ :0
[  316427ms] [ERROR] Base UI: A component that acts as a button expected a native <button> because the `nativeButton` prop is true. Rendering a non-<button> removes native button semantics, which can impact forms and accessibility. Use a real <button> in the `render` prop, or set `nativeButton` to `false`.
    at Button (webpack-internal:///(app-pages-browser)/./components/ui/button.tsx:15:87)
    at Navigation (webpack-internal:///(app-pages-browser)/./components/layout/Navigation.tsx:113:112)
    at CreatePillPage (about://React/Server/webpack-internal:///(rsc)/./app/%5Blocale%5D/create/pill/page.tsx?35:30:88) @ :0
[  316429ms] [WARNING] [tiptap warn]: Duplicate extension names found: ['link', 'underline']. This can lead to issues. @ webpack-internal:///(app-pages-browser)/./node_modules/next/dist/next-devtools/shared/forward-logs-shared.js:27
[  319162ms] [ERROR] Base UI: A component that acts as a button expected a native <button> because the `nativeButton` prop is true. Rendering a non-<button> removes native button semantics, which can impact forms and accessibility. Use a real <button> in the `render` prop, or set `nativeButton` to `false`.
    at Button (webpack-internal:///(app-pages-browser)/./components/ui/button.tsx:15:87)
    at Navigation (webpack-internal:///(app-pages-browser)/./components/layout/Navigation.tsx:97:112)
    at CreateCoursePage (about://React/Server/webpack-internal:///(rsc)/./app/%5Blocale%5D/create/course/page.tsx?35:30:88) @ :0
[  319162ms] [ERROR] Base UI: A component that acts as a button expected a native <button> because the `nativeButton` prop is true. Rendering a non-<button> removes native button semantics, which can impact forms and accessibility. Use a real <button> in the `render` prop, or set `nativeButton` to `false`.
    at Button (webpack-internal:///(app-pages-browser)/./components/ui/button.tsx:15:87)
    at Navigation (webpack-internal:///(app-pages-browser)/./components/layout/Navigation.tsx:113:112)
    at CreateCoursePage (about://React/Server/webpack-internal:///(rsc)/./app/%5Blocale%5D/create/course/page.tsx?35:30:88) @ :0
[  355205ms] [ERROR] Base UI: A component that acts as a button expected a native <button> because the `nativeButton` prop is true. Rendering a non-<button> removes native button semantics, which can impact forms and accessibility. Use a real <button> in the `render` prop, or set `nativeButton` to `false`.
    at Button (webpack-internal:///(app-pages-browser)/./components/ui/button.tsx:15:87)
    at Navigation (webpack-internal:///(app-pages-browser)/./components/layout/Navigation.tsx:97:112)
    at CreateVideoPage (about://React/Server/webpack-internal:///(rsc)/./app/%5Blocale%5D/create/video/page.tsx?35:30:88) @ :0
[  355206ms] [ERROR] Base UI: A component that acts as a button expected a native <button> because the `nativeButton` prop is true. Rendering a non-<button> removes native button semantics, which can impact forms and accessibility. Use a real <button> in the `render` prop, or set `nativeButton` to `false`.
    at Button (webpack-internal:///(app-pages-browser)/./components/ui/button.tsx:15:87)
    at Navigation (webpack-internal:///(app-pages-browser)/./components/layout/Navigation.tsx:113:112)
    at CreateVideoPage (about://React/Server/webpack-internal:///(rsc)/./app/%5Blocale%5D/create/video/page.tsx?35:30:88) @ :0
[  358275ms] [ERROR] Base UI: A component that acts as a button expected a native <button> because the `nativeButton` prop is true. Rendering a non-<button> removes native button semantics, which can impact forms and accessibility. Use a real <button> in the `render` prop, or set `nativeButton` to `false`.
    at Button (webpack-internal:///(app-pages-browser)/./components/ui/button.tsx:15:87)
    at Navigation (webpack-internal:///(app-pages-browser)/./components/layout/Navigation.tsx:97:112)
    at EditVideoPage (about://React/Server/webpack-internal:///(rsc)/./app/%5Blocale%5D/dashboard/videos/%5Bid%5D/edit/page.tsx?66:45:88) @ :0
[  358276ms] [ERROR] Base UI: A component that acts as a button expected a native <button> because the `nativeButton` prop is true. Rendering a non-<button> removes native button semantics, which can impact forms and accessibility. Use a real <button> in the `render` prop, or set `nativeButton` to `false`.
    at Button (webpack-internal:///(app-pages-browser)/./components/ui/button.tsx:15:87)
    at Navigation (webpack-internal:///(app-pages-browser)/./components/layout/Navigation.tsx:113:112)
    at EditVideoPage (about://React/Server/webpack-internal:///(rsc)/./app/%5Blocale%5D/dashboard/videos/%5Bid%5D/edit/page.tsx?66:45:88) @ :0
[  367588ms] [ERROR] Base UI: A component that acts as a button expected a native <button> because the `nativeButton` prop is true. Rendering a non-<button> removes native button semantics, which can impact forms and accessibility. Use a real <button> in the `render` prop, or set `nativeButton` to `false`.
    at Button (webpack-internal:///(app-pages-browser)/./components/ui/button.tsx:15:87)
    at Navigation (webpack-internal:///(app-pages-browser)/./components/layout/Navigation.tsx:97:112)
    at CreatePodcastPage (about://React/Server/webpack-internal:///(rsc)/./app/%5Blocale%5D/create/podcast/page.tsx?35:30:88) @ :0
[  367588ms] [ERROR] Base UI: A component that acts as a button expected a native <button> because the `nativeButton` prop is true. Rendering a non-<button> removes native button semantics, which can impact forms and accessibility. Use a real <button> in the `render` prop, or set `nativeButton` to `false`.
    at Button (webpack-internal:///(app-pages-browser)/./components/ui/button.tsx:15:87)
    at Navigation (webpack-internal:///(app-pages-browser)/./components/layout/Navigation.tsx:113:112)
    at CreatePodcastPage (about://React/Server/webpack-internal:///(rsc)/./app/%5Blocale%5D/create/podcast/page.tsx?35:30:88) @ :0
[  372684ms] [ERROR] Base UI: A component that acts as a button expected a native <button> because the `nativeButton` prop is true. Rendering a non-<button> removes native button semantics, which can impact forms and accessibility. Use a real <button> in the `render` prop, or set `nativeButton` to `false`.
    at Button (webpack-internal:///(app-pages-browser)/./components/ui/button.tsx:15:87)
    at Navigation (webpack-internal:///(app-pages-browser)/./components/layout/Navigation.tsx:97:112)
    at CreatePillPage (about://React/Server/webpack-internal:///(rsc)/./app/%5Blocale%5D/create/pill/page.tsx?35:30:88) @ :0
[  372684ms] [ERROR] Base UI: A component that acts as a button expected a native <button> because the `nativeButton` prop is true. Rendering a non-<button> removes native button semantics, which can impact forms and accessibility. Use a real <button> in the `render` prop, or set `nativeButton` to `false`.
    at Button (webpack-internal:///(app-pages-browser)/./components/ui/button.tsx:15:87)
    at Navigation (webpack-internal:///(app-pages-browser)/./components/layout/Navigation.tsx:113:112)
    at CreatePillPage (about://React/Server/webpack-internal:///(rsc)/./app/%5Blocale%5D/create/pill/page.tsx?35:30:88) @ :0
[  372685ms] [WARNING] [tiptap warn]: Duplicate extension names found: ['link', 'underline']. This can lead to issues. @ webpack-internal:///(app-pages-browser)/./node_modules/next/dist/next-devtools/shared/forward-logs-shared.js:27
[  376037ms] [ERROR] Base UI: A component that acts as a button expected a native <button> because the `nativeButton` prop is true. Rendering a non-<button> removes native button semantics, which can impact forms and accessibility. Use a real <button> in the `render` prop, or set `nativeButton` to `false`.
    at EditPillPage (about://React/Server/webpack-internal:///(rsc)/./app/%5Blocale%5D/dashboard/pills/%5Bid%5D/edit/page.tsx?66:45:88) @ :0
[  376038ms] [WARNING] [tiptap warn]: Duplicate extension names found: ['link', 'underline']. This can lead to issues. @ webpack-internal:///(app-pages-browser)/./node_modules/next/dist/next-devtools/shared/forward-logs-shared.js:27
[  377717ms] [ERROR] Base UI: A component that acts as a button expected a native <button> because the `nativeButton` prop is true. Rendering a non-<button> removes native button semantics, which can impact forms and accessibility. Use a real <button> in the `render` prop, or set `nativeButton` to `false`.
    at Button (webpack-internal:///(app-pages-browser)/./components/ui/button.tsx:15:87)
    at Navigation (webpack-internal:///(app-pages-browser)/./components/layout/Navigation.tsx:97:112)
    at CreateCoursePage (about://React/Server/webpack-internal:///(rsc)/./app/%5Blocale%5D/create/course/page.tsx?35:30:88) @ :0
[  377717ms] [ERROR] Base UI: A component that acts as a button expected a native <button> because the `nativeButton` prop is true. Rendering a non-<button> removes native button semantics, which can impact forms and accessibility. Use a real <button> in the `render` prop, or set `nativeButton` to `false`.
    at Button (webpack-internal:///(app-pages-browser)/./components/ui/button.tsx:15:87)
    at Navigation (webpack-internal:///(app-pages-browser)/./components/layout/Navigation.tsx:113:112)
    at CreateCoursePage (about://React/Server/webpack-internal:///(rsc)/./app/%5Blocale%5D/create/course/page.tsx?35:30:88) @ :0
[  380463ms] [ERROR] Base UI: A component that acts as a button expected a native <button> because the `nativeButton` prop is true. Rendering a non-<button> removes native button semantics, which can impact forms and accessibility. Use a real <button> in the `render` prop, or set `nativeButton` to `false`.
    at Button (webpack-internal:///(app-pages-browser)/./components/ui/button.tsx:15:87)
    at Navigation (webpack-internal:///(app-pages-browser)/./components/layout/Navigation.tsx:97:112)
    at EditCoursePage (about://React/Server/webpack-internal:///(rsc)/./app/%5Blocale%5D/dashboard/courses/%5Bid%5D/edit/page.tsx?66:45:88) @ :0
[  380464ms] [ERROR] Base UI: A component that acts as a button expected a native <button> because the `nativeButton` prop is true. Rendering a non-<button> removes native button semantics, which can impact forms and accessibility. Use a real <button> in the `render` prop, or set `nativeButton` to `false`.
    at Button (webpack-internal:///(app-pages-browser)/./components/ui/button.tsx:15:87)
    at Navigation (webpack-internal:///(app-pages-browser)/./components/layout/Navigation.tsx:113:112)
    at EditCoursePage (about://React/Server/webpack-internal:///(rsc)/./app/%5Blocale%5D/dashboard/courses/%5Bid%5D/edit/page.tsx?66:45:88) @ :0
