[    1141ms] [ERROR] Base UI: A component that acts as a button expected a native <button> because the `nativeButton` prop is true. Rendering a non-<button> removes native button semantics, which can impact forms and accessibility. Use a real <button> in the `render` prop, or set `nativeButton` to `false`.
    at Button (webpack-internal:///(app-pages-browser)/./components/ui/button.tsx:15:87)
    at Navigation (webpack-internal:///(app-pages-browser)/./components/layout/Navigation.tsx:97:112)
    at CreatePodcastPage (about://React/Server/webpack-internal:///(rsc)/./app/%5Blocale%5D/create/podcast/page.tsx?35:30:88) @ :0
[    1142ms] [ERROR] Base UI: A component that acts as a button expected a native <button> because the `nativeButton` prop is true. Rendering a non-<button> removes native button semantics, which can impact forms and accessibility. Use a real <button> in the `render` prop, or set `nativeButton` to `false`.
    at Button (webpack-internal:///(app-pages-browser)/./components/ui/button.tsx:15:87)
    at Navigation (webpack-internal:///(app-pages-browser)/./components/layout/Navigation.tsx:113:112)
    at CreatePodcastPage (about://React/Server/webpack-internal:///(rsc)/./app/%5Blocale%5D/create/podcast/page.tsx?35:30:88) @ :0
[    5092ms] [WARNING] The resource http://localhost:3000/_next/static/css/app/layout.css?v=1774176336720 was preloaded using link preload but not used within a few seconds from the window's load event. Please make sure it has an appropriate `as` value and it is preloaded intentionally. @ http://localhost:3000/create/podcast:0
[    8366ms] [WARNING] The resource http://localhost:3000/_next/static/css/app/layout.css?v=1774176336720 was preloaded using link preload but not used within a few seconds from the window's load event. Please make sure it has an appropriate `as` value and it is preloaded intentionally. @ http://localhost:3000/create/podcast:0
[   11588ms] [ERROR] Base UI: A component that acts as a button expected a native <button> because the `nativeButton` prop is true. Rendering a non-<button> removes native button semantics, which can impact forms and accessibility. Use a real <button> in the `render` prop, or set `nativeButton` to `false`.
    at Button (webpack-internal:///(app-pages-browser)/./components/ui/button.tsx:15:87)
    at Navigation (webpack-internal:///(app-pages-browser)/./components/layout/Navigation.tsx:97:112)
    at CreatePodcastPage (about://React/Server/webpack-internal:///(rsc)/./app/%5Blocale%5D/create/podcast/page.tsx?35:30:88) @ :0
[   11588ms] [ERROR] Base UI: A component that acts as a button expected a native <button> because the `nativeButton` prop is true. Rendering a non-<button> removes native button semantics, which can impact forms and accessibility. Use a real <button> in the `render` prop, or set `nativeButton` to `false`.
    at Button (webpack-internal:///(app-pages-browser)/./components/ui/button.tsx:15:87)
    at Navigation (webpack-internal:///(app-pages-browser)/./components/layout/Navigation.tsx:113:112)
    at CreatePodcastPage (about://React/Server/webpack-internal:///(rsc)/./app/%5Blocale%5D/create/podcast/page.tsx?35:30:88) @ :0
[   14454ms] [ERROR] Base UI: A component that acts as a button expected a native <button> because the `nativeButton` prop is true. Rendering a non-<button> removes native button semantics, which can impact forms and accessibility. Use a real <button> in the `render` prop, or set `nativeButton` to `false`.
    at Button (webpack-internal:///(app-pages-browser)/./components/ui/button.tsx:15:87)
    at Navigation (webpack-internal:///(app-pages-browser)/./components/layout/Navigation.tsx:97:112)
    at EditPodcastPage (about://React/Server/webpack-internal:///(rsc)/./app/%5Blocale%5D/dashboard/podcasts/%5Bid%5D/edit/page.tsx?66:45:88) @ :0
[   14455ms] [ERROR] Base UI: A component that acts as a button expected a native <button> because the `nativeButton` prop is true. Rendering a non-<button> removes native button semantics, which can impact forms and accessibility. Use a real <button> in the `render` prop, or set `nativeButton` to `false`.
    at Button (webpack-internal:///(app-pages-browser)/./components/ui/button.tsx:15:87)
    at Navigation (webpack-internal:///(app-pages-browser)/./components/layout/Navigation.tsx:113:112)
    at EditPodcastPage (about://React/Server/webpack-internal:///(rsc)/./app/%5Blocale%5D/dashboard/podcasts/%5Bid%5D/edit/page.tsx?66:45:88) @ :0
[   23332ms] [ERROR] Base UI: A component that acts as a button expected a native <button> because the `nativeButton` prop is true. Rendering a non-<button> removes native button semantics, which can impact forms and accessibility. Use a real <button> in the `render` prop, or set `nativeButton` to `false`.
    at Button (webpack-internal:///(app-pages-browser)/./components/ui/button.tsx:15:87)
    at Navigation (webpack-internal:///(app-pages-browser)/./components/layout/Navigation.tsx:97:112)
    at DashboardPage (about://React/Server/webpack-internal:///(rsc)/./app/%5Blocale%5D/dashboard/page.tsx?39:84:88) @ :0
[   23333ms] [ERROR] Base UI: A component that acts as a button expected a native <button> because the `nativeButton` prop is true. Rendering a non-<button> removes native button semantics, which can impact forms and accessibility. Use a real <button> in the `render` prop, or set `nativeButton` to `false`.
    at Button (webpack-internal:///(app-pages-browser)/./components/ui/button.tsx:15:87)
    at Navigation (webpack-internal:///(app-pages-browser)/./components/layout/Navigation.tsx:113:112)
    at DashboardPage (about://React/Server/webpack-internal:///(rsc)/./app/%5Blocale%5D/dashboard/page.tsx?39:84:88) @ :0
[   31357ms] [ERROR] Base UI: A component that acts as a button expected a native <button> because the `nativeButton` prop is true. Rendering a non-<button> removes native button semantics, which can impact forms and accessibility. Use a real <button> in the `render` prop, or set `nativeButton` to `false`.
    at Button (webpack-internal:///(app-pages-browser)/./components/ui/button.tsx:15:87)
    at Navigation (webpack-internal:///(app-pages-browser)/./components/layout/Navigation.tsx:97:112)
    at DashboardPage (about://React/Server/webpack-internal:///(rsc)/./app/%5Blocale%5D/dashboard/page.tsx?39:84:88) @ :0
[   31358ms] [ERROR] Base UI: A component that acts as a button expected a native <button> because the `nativeButton` prop is true. Rendering a non-<button> removes native button semantics, which can impact forms and accessibility. Use a real <button> in the `render` prop, or set `nativeButton` to `false`.
    at Button (webpack-internal:///(app-pages-browser)/./components/ui/button.tsx:15:87)
    at Navigation (webpack-internal:///(app-pages-browser)/./components/layout/Navigation.tsx:113:112)
    at DashboardPage (about://React/Server/webpack-internal:///(rsc)/./app/%5Blocale%5D/dashboard/page.tsx?39:84:88) @ :0
[   42471ms] [ERROR] Base UI: A component that acts as a button expected a native <button> because the `nativeButton` prop is true. Rendering a non-<button> removes native button semantics, which can impact forms and accessibility. Use a real <button> in the `render` prop, or set `nativeButton` to `false`.
    at Button (webpack-internal:///(app-pages-browser)/./components/ui/button.tsx:15:87)
    at Navigation (webpack-internal:///(app-pages-browser)/./components/layout/Navigation.tsx:97:112)
    at DashboardPage (about://React/Server/webpack-internal:///(rsc)/./app/%5Blocale%5D/dashboard/page.tsx?39:84:88) @ :0
[   42472ms] [ERROR] Base UI: A component that acts as a button expected a native <button> because the `nativeButton` prop is true. Rendering a non-<button> removes native button semantics, which can impact forms and accessibility. Use a real <button> in the `render` prop, or set `nativeButton` to `false`.
    at Button (webpack-internal:///(app-pages-browser)/./components/ui/button.tsx:15:87)
    at Navigation (webpack-internal:///(app-pages-browser)/./components/layout/Navigation.tsx:113:112)
    at DashboardPage (about://React/Server/webpack-internal:///(rsc)/./app/%5Blocale%5D/dashboard/page.tsx?39:84:88) @ :0
[   86313ms] [ERROR] Base UI: A component that acts as a button expected a native <button> because the `nativeButton` prop is true. Rendering a non-<button> removes native button semantics, which can impact forms and accessibility. Use a real <button> in the `render` prop, or set `nativeButton` to `false`.
    at Button (webpack-internal:///(app-pages-browser)/./components/ui/button.tsx:15:87)
    at Navigation (webpack-internal:///(app-pages-browser)/./components/layout/Navigation.tsx:97:112)
    at DashboardPage (about://React/Server/webpack-internal:///(rsc)/./app/%5Blocale%5D/dashboard/page.tsx?39:84:88) @ :0
[   86313ms] [ERROR] Base UI: A component that acts as a button expected a native <button> because the `nativeButton` prop is true. Rendering a non-<button> removes native button semantics, which can impact forms and accessibility. Use a real <button> in the `render` prop, or set `nativeButton` to `false`.
    at Button (webpack-internal:///(app-pages-browser)/./components/ui/button.tsx:15:87)
    at Navigation (webpack-internal:///(app-pages-browser)/./components/layout/Navigation.tsx:113:112)
    at DashboardPage (about://React/Server/webpack-internal:///(rsc)/./app/%5Blocale%5D/dashboard/page.tsx?39:84:88) @ :0
[   88173ms] [ERROR] Base UI: A component that acts as a button expected a native <button> because the `nativeButton` prop is true. Rendering a non-<button> removes native button semantics, which can impact forms and accessibility. Use a real <button> in the `render` prop, or set `nativeButton` to `false`.
    at Button (webpack-internal:///(app-pages-browser)/./components/ui/button.tsx:15:87)
    at Navigation (webpack-internal:///(app-pages-browser)/./components/layout/Navigation.tsx:97:112)
    at DashboardPage (about://React/Server/webpack-internal:///(rsc)/./app/%5Blocale%5D/dashboard/page.tsx?35:84:88) @ :0
[   88173ms] [ERROR] Base UI: A component that acts as a button expected a native <button> because the `nativeButton` prop is true. Rendering a non-<button> removes native button semantics, which can impact forms and accessibility. Use a real <button> in the `render` prop, or set `nativeButton` to `false`.
    at Button (webpack-internal:///(app-pages-browser)/./components/ui/button.tsx:15:87)
    at Navigation (webpack-internal:///(app-pages-browser)/./components/layout/Navigation.tsx:113:112)
    at DashboardPage (about://React/Server/webpack-internal:///(rsc)/./app/%5Blocale%5D/dashboard/page.tsx?35:84:88) @ :0
[   93236ms] [ERROR] Base UI: A component that acts as a button expected a native <button> because the `nativeButton` prop is true. Rendering a non-<button> removes native button semantics, which can impact forms and accessibility. Use a real <button> in the `render` prop, or set `nativeButton` to `false`.
    at Button (webpack-internal:///(app-pages-browser)/./components/ui/button.tsx:15:87)
    at Navigation (webpack-internal:///(app-pages-browser)/./components/layout/Navigation.tsx:97:112)
    at DashboardPage (about://React/Server/webpack-internal:///(rsc)/./app/%5Blocale%5D/dashboard/page.tsx?39:84:88) @ :0
[   93236ms] [ERROR] Base UI: A component that acts as a button expected a native <button> because the `nativeButton` prop is true. Rendering a non-<button> removes native button semantics, which can impact forms and accessibility. Use a real <button> in the `render` prop, or set `nativeButton` to `false`.
    at Button (webpack-internal:///(app-pages-browser)/./components/ui/button.tsx:15:87)
    at Navigation (webpack-internal:///(app-pages-browser)/./components/layout/Navigation.tsx:113:112)
    at DashboardPage (about://React/Server/webpack-internal:///(rsc)/./app/%5Blocale%5D/dashboard/page.tsx?39:84:88) @ :0
[   96372ms] [ERROR] Base UI: A component that acts as a button expected a native <button> because the `nativeButton` prop is true. Rendering a non-<button> removes native button semantics, which can impact forms and accessibility. Use a real <button> in the `render` prop, or set `nativeButton` to `false`.
    at Button (webpack-internal:///(app-pages-browser)/./components/ui/button.tsx:15:87)
    at Navigation (webpack-internal:///(app-pages-browser)/./components/layout/Navigation.tsx:97:112)
    at DashboardPage (about://React/Server/webpack-internal:///(rsc)/./app/%5Blocale%5D/dashboard/page.tsx?39:84:88) @ :0
[   96373ms] [ERROR] Base UI: A component that acts as a button expected a native <button> because the `nativeButton` prop is true. Rendering a non-<button> removes native button semantics, which can impact forms and accessibility. Use a real <button> in the `render` prop, or set `nativeButton` to `false`.
    at Button (webpack-internal:///(app-pages-browser)/./components/ui/button.tsx:15:87)
    at Navigation (webpack-internal:///(app-pages-browser)/./components/layout/Navigation.tsx:113:112)
    at DashboardPage (about://React/Server/webpack-internal:///(rsc)/./app/%5Blocale%5D/dashboard/page.tsx?39:84:88) @ :0
[   98765ms] [ERROR] Base UI: A component that acts as a button expected a native <button> because the `nativeButton` prop is true. Rendering a non-<button> removes native button semantics, which can impact forms and accessibility. Use a real <button> in the `render` prop, or set `nativeButton` to `false`.
    at Button (webpack-internal:///(app-pages-browser)/./components/ui/button.tsx:15:87)
    at Navigation (webpack-internal:///(app-pages-browser)/./components/layout/Navigation.tsx:97:112)
    at DashboardPage (about://React/Server/webpack-internal:///(rsc)/./app/%5Blocale%5D/dashboard/page.tsx?39:84:88) @ :0
[   98766ms] [ERROR] Base UI: A component that acts as a button expected a native <button> because the `nativeButton` prop is true. Rendering a non-<button> removes native button semantics, which can impact forms and accessibility. Use a real <button> in the `render` prop, or set `nativeButton` to `false`.
    at Button (webpack-internal:///(app-pages-browser)/./components/ui/button.tsx:15:87)
    at Navigation (webpack-internal:///(app-pages-browser)/./components/layout/Navigation.tsx:113:112)
    at DashboardPage (about://React/Server/webpack-internal:///(rsc)/./app/%5Blocale%5D/dashboard/page.tsx?39:84:88) @ :0
[  100866ms] [ERROR] Base UI: A component that acts as a button expected a native <button> because the `nativeButton` prop is true. Rendering a non-<button> removes native button semantics, which can impact forms and accessibility. Use a real <button> in the `render` prop, or set `nativeButton` to `false`.
    at Button (webpack-internal:///(app-pages-browser)/./components/ui/button.tsx:15:87)
    at Navigation (webpack-internal:///(app-pages-browser)/./components/layout/Navigation.tsx:97:112)
    at DashboardPage (about://React/Server/webpack-internal:///(rsc)/./app/%5Blocale%5D/dashboard/page.tsx?39:84:88) @ :0
[  100866ms] [ERROR] Base UI: A component that acts as a button expected a native <button> because the `nativeButton` prop is true. Rendering a non-<button> removes native button semantics, which can impact forms and accessibility. Use a real <button> in the `render` prop, or set `nativeButton` to `false`.
    at Button (webpack-internal:///(app-pages-browser)/./components/ui/button.tsx:15:87)
    at Navigation (webpack-internal:///(app-pages-browser)/./components/layout/Navigation.tsx:113:112)
    at DashboardPage (about://React/Server/webpack-internal:///(rsc)/./app/%5Blocale%5D/dashboard/page.tsx?39:84:88) @ :0
[  102933ms] [ERROR] Base UI: A component that acts as a button expected a native <button> because the `nativeButton` prop is true. Rendering a non-<button> removes native button semantics, which can impact forms and accessibility. Use a real <button> in the `render` prop, or set `nativeButton` to `false`.
    at Button (webpack-internal:///(app-pages-browser)/./components/ui/button.tsx:15:87)
    at Navigation (webpack-internal:///(app-pages-browser)/./components/layout/Navigation.tsx:97:112)
    at DashboardPage (about://React/Server/webpack-internal:///(rsc)/./app/%5Blocale%5D/dashboard/page.tsx?39:84:88) @ :0
[  102933ms] [ERROR] Base UI: A component that acts as a button expected a native <button> because the `nativeButton` prop is true. Rendering a non-<button> removes native button semantics, which can impact forms and accessibility. Use a real <button> in the `render` prop, or set `nativeButton` to `false`.
    at Button (webpack-internal:///(app-pages-browser)/./components/ui/button.tsx:15:87)
    at Navigation (webpack-internal:///(app-pages-browser)/./components/layout/Navigation.tsx:113:112)
    at DashboardPage (about://React/Server/webpack-internal:///(rsc)/./app/%5Blocale%5D/dashboard/page.tsx?39:84:88) @ :0
[  104926ms] [ERROR] Base UI: A component that acts as a button expected a native <button> because the `nativeButton` prop is true. Rendering a non-<button> removes native button semantics, which can impact forms and accessibility. Use a real <button> in the `render` prop, or set `nativeButton` to `false`.
    at Button (webpack-internal:///(app-pages-browser)/./components/ui/button.tsx:15:87)
    at Navigation (webpack-internal:///(app-pages-browser)/./components/layout/Navigation.tsx:97:112)
    at DashboardPage (about://React/Server/webpack-internal:///(rsc)/./app/%5Blocale%5D/dashboard/page.tsx?39:84:88) @ :0
[  104926ms] [ERROR] Base UI: A component that acts as a button expected a native <button> because the `nativeButton` prop is true. Rendering a non-<button> removes native button semantics, which can impact forms and accessibility. Use a real <button> in the `render` prop, or set `nativeButton` to `false`.
    at Button (webpack-internal:///(app-pages-browser)/./components/ui/button.tsx:15:87)
    at Navigation (webpack-internal:///(app-pages-browser)/./components/layout/Navigation.tsx:113:112)
    at DashboardPage (about://React/Server/webpack-internal:///(rsc)/./app/%5Blocale%5D/dashboard/page.tsx?39:84:88) @ :0
[  107937ms] [ERROR] Base UI: A component that acts as a button expected a native <button> because the `nativeButton` prop is true. Rendering a non-<button> removes native button semantics, which can impact forms and accessibility. Use a real <button> in the `render` prop, or set `nativeButton` to `false`.
    at Button (webpack-internal:///(app-pages-browser)/./components/ui/button.tsx:15:87)
    at Navigation (webpack-internal:///(app-pages-browser)/./components/layout/Navigation.tsx:97:112)
    at DashboardPage (about://React/Server/webpack-internal:///(rsc)/./app/%5Blocale%5D/dashboard/page.tsx?35:84:88) @ :0
[  107938ms] [ERROR] Base UI: A component that acts as a button expected a native <button> because the `nativeButton` prop is true. Rendering a non-<button> removes native button semantics, which can impact forms and accessibility. Use a real <button> in the `render` prop, or set `nativeButton` to `false`.
    at Button (webpack-internal:///(app-pages-browser)/./components/ui/button.tsx:15:87)
    at Navigation (webpack-internal:///(app-pages-browser)/./components/layout/Navigation.tsx:113:112)
    at DashboardPage (about://React/Server/webpack-internal:///(rsc)/./app/%5Blocale%5D/dashboard/page.tsx?35:84:88) @ :0
[  110089ms] [ERROR] Base UI: A component that acts as a button expected a native <button> because the `nativeButton` prop is true. Rendering a non-<button> removes native button semantics, which can impact forms and accessibility. Use a real <button> in the `render` prop, or set `nativeButton` to `false`.
    at Button (webpack-internal:///(app-pages-browser)/./components/ui/button.tsx:15:87)
    at Navigation (webpack-internal:///(app-pages-browser)/./components/layout/Navigation.tsx:97:112)
    at DashboardPage (about://React/Server/webpack-internal:///(rsc)/./app/%5Blocale%5D/dashboard/page.tsx?39:84:88) @ :0
[  110089ms] [ERROR] Base UI: A component that acts as a button expected a native <button> because the `nativeButton` prop is true. Rendering a non-<button> removes native button semantics, which can impact forms and accessibility. Use a real <button> in the `render` prop, or set `nativeButton` to `false`.
    at Button (webpack-internal:///(app-pages-browser)/./components/ui/button.tsx:15:87)
    at Navigation (webpack-internal:///(app-pages-browser)/./components/layout/Navigation.tsx:113:112)
    at DashboardPage (about://React/Server/webpack-internal:///(rsc)/./app/%5Blocale%5D/dashboard/page.tsx?39:84:88) @ :0
[  112645ms] [ERROR] Base UI: A component that acts as a button expected a native <button> because the `nativeButton` prop is true. Rendering a non-<button> removes native button semantics, which can impact forms and accessibility. Use a real <button> in the `render` prop, or set `nativeButton` to `false`.
    at Button (webpack-internal:///(app-pages-browser)/./components/ui/button.tsx:15:87)
    at Navigation (webpack-internal:///(app-pages-browser)/./components/layout/Navigation.tsx:97:112)
    at DashboardPage (about://React/Server/webpack-internal:///(rsc)/./app/%5Blocale%5D/dashboard/page.tsx?39:84:88) @ :0
[  112646ms] [ERROR] Base UI: A component that acts as a button expected a native <button> because the `nativeButton` prop is true. Rendering a non-<button> removes native button semantics, which can impact forms and accessibility. Use a real <button> in the `render` prop, or set `nativeButton` to `false`.
    at Button (webpack-internal:///(app-pages-browser)/./components/ui/button.tsx:15:87)
    at Navigation (webpack-internal:///(app-pages-browser)/./components/layout/Navigation.tsx:113:112)
    at DashboardPage (about://React/Server/webpack-internal:///(rsc)/./app/%5Blocale%5D/dashboard/page.tsx?39:84:88) @ :0
[  114696ms] [ERROR] Base UI: A component that acts as a button expected a native <button> because the `nativeButton` prop is true. Rendering a non-<button> removes native button semantics, which can impact forms and accessibility. Use a real <button> in the `render` prop, or set `nativeButton` to `false`.
    at Button (webpack-internal:///(app-pages-browser)/./components/ui/button.tsx:15:87)
    at Navigation (webpack-internal:///(app-pages-browser)/./components/layout/Navigation.tsx:97:112)
    at DashboardPage (about://React/Server/webpack-internal:///(rsc)/./app/%5Blocale%5D/dashboard/page.tsx?39:84:88) @ :0
[  114696ms] [ERROR] Base UI: A component that acts as a button expected a native <button> because the `nativeButton` prop is true. Rendering a non-<button> removes native button semantics, which can impact forms and accessibility. Use a real <button> in the `render` prop, or set `nativeButton` to `false`.
    at Button (webpack-internal:///(app-pages-browser)/./components/ui/button.tsx:15:87)
    at Navigation (webpack-internal:///(app-pages-browser)/./components/layout/Navigation.tsx:113:112)
    at DashboardPage (about://React/Server/webpack-internal:///(rsc)/./app/%5Blocale%5D/dashboard/page.tsx?39:84:88) @ :0
[  116729ms] [ERROR] Base UI: A component that acts as a button expected a native <button> because the `nativeButton` prop is true. Rendering a non-<button> removes native button semantics, which can impact forms and accessibility. Use a real <button> in the `render` prop, or set `nativeButton` to `false`.
    at Button (webpack-internal:///(app-pages-browser)/./components/ui/button.tsx:15:87)
    at Navigation (webpack-internal:///(app-pages-browser)/./components/layout/Navigation.tsx:97:112)
    at DashboardPage (about://React/Server/webpack-internal:///(rsc)/./app/%5Blocale%5D/dashboard/page.tsx?39:84:88) @ :0
[  116730ms] [ERROR] Base UI: A component that acts as a button expected a native <button> because the `nativeButton` prop is true. Rendering a non-<button> removes native button semantics, which can impact forms and accessibility. Use a real <button> in the `render` prop, or set `nativeButton` to `false`.
    at Button (webpack-internal:///(app-pages-browser)/./components/ui/button.tsx:15:87)
    at Navigation (webpack-internal:///(app-pages-browser)/./components/layout/Navigation.tsx:113:112)
    at DashboardPage (about://React/Server/webpack-internal:///(rsc)/./app/%5Blocale%5D/dashboard/page.tsx?39:84:88) @ :0
[  118779ms] [ERROR] Base UI: A component that acts as a button expected a native <button> because the `nativeButton` prop is true. Rendering a non-<button> removes native button semantics, which can impact forms and accessibility. Use a real <button> in the `render` prop, or set `nativeButton` to `false`.
    at Button (webpack-internal:///(app-pages-browser)/./components/ui/button.tsx:15:87)
    at Navigation (webpack-internal:///(app-pages-browser)/./components/layout/Navigation.tsx:97:112)
    at DashboardPage (about://React/Server/webpack-internal:///(rsc)/./app/%5Blocale%5D/dashboard/page.tsx?39:84:88) @ :0
[  118779ms] [ERROR] Base UI: A component that acts as a button expected a native <button> because the `nativeButton` prop is true. Rendering a non-<button> removes native button semantics, which can impact forms and accessibility. Use a real <button> in the `render` prop, or set `nativeButton` to `false`.
    at Button (webpack-internal:///(app-pages-browser)/./components/ui/button.tsx:15:87)
    at Navigation (webpack-internal:///(app-pages-browser)/./components/layout/Navigation.tsx:113:112)
    at DashboardPage (about://React/Server/webpack-internal:///(rsc)/./app/%5Blocale%5D/dashboard/page.tsx?39:84:88) @ :0
[  121566ms] [ERROR] Base UI: A component that acts as a button expected a native <button> because the `nativeButton` prop is true. Rendering a non-<button> removes native button semantics, which can impact forms and accessibility. Use a real <button> in the `render` prop, or set `nativeButton` to `false`.
    at Button (webpack-internal:///(app-pages-browser)/./components/ui/button.tsx:15:87)
    at Navigation (webpack-internal:///(app-pages-browser)/./components/layout/Navigation.tsx:97:112)
    at DashboardPage (about://React/Server/webpack-internal:///(rsc)/./app/%5Blocale%5D/dashboard/page.tsx?35:84:88) @ :0
[  121566ms] [ERROR] Base UI: A component that acts as a button expected a native <button> because the `nativeButton` prop is true. Rendering a non-<button> removes native button semantics, which can impact forms and accessibility. Use a real <button> in the `render` prop, or set `nativeButton` to `false`.
    at Button (webpack-internal:///(app-pages-browser)/./components/ui/button.tsx:15:87)
    at Navigation (webpack-internal:///(app-pages-browser)/./components/layout/Navigation.tsx:113:112)
    at DashboardPage (about://React/Server/webpack-internal:///(rsc)/./app/%5Blocale%5D/dashboard/page.tsx?35:84:88) @ :0
[  123622ms] [ERROR] Base UI: A component that acts as a button expected a native <button> because the `nativeButton` prop is true. Rendering a non-<button> removes native button semantics, which can impact forms and accessibility. Use a real <button> in the `render` prop, or set `nativeButton` to `false`.
    at Button (webpack-internal:///(app-pages-browser)/./components/ui/button.tsx:15:87)
    at Navigation (webpack-internal:///(app-pages-browser)/./components/layout/Navigation.tsx:97:112)
    at DashboardPage (about://React/Server/webpack-internal:///(rsc)/./app/%5Blocale%5D/dashboard/page.tsx?39:84:88) @ :0
[  123622ms] [ERROR] Base UI: A component that acts as a button expected a native <button> because the `nativeButton` prop is true. Rendering a non-<button> removes native button semantics, which can impact forms and accessibility. Use a real <button> in the `render` prop, or set `nativeButton` to `false`.
    at Button (webpack-internal:///(app-pages-browser)/./components/ui/button.tsx:15:87)
    at Navigation (webpack-internal:///(app-pages-browser)/./components/layout/Navigation.tsx:113:112)
    at DashboardPage (about://React/Server/webpack-internal:///(rsc)/./app/%5Blocale%5D/dashboard/page.tsx?39:84:88) @ :0
[  125559ms] [ERROR] Base UI: A component that acts as a button expected a native <button> because the `nativeButton` prop is true. Rendering a non-<button> removes native button semantics, which can impact forms and accessibility. Use a real <button> in the `render` prop, or set `nativeButton` to `false`.
    at Button (webpack-internal:///(app-pages-browser)/./components/ui/button.tsx:15:87)
    at Navigation (webpack-internal:///(app-pages-browser)/./components/layout/Navigation.tsx:97:112)
    at DashboardPage (about://React/Server/webpack-internal:///(rsc)/./app/%5Blocale%5D/dashboard/page.tsx?39:84:88) @ :0
[  125560ms] [ERROR] Base UI: A component that acts as a button expected a native <button> because the `nativeButton` prop is true. Rendering a non-<button> removes native button semantics, which can impact forms and accessibility. Use a real <button> in the `render` prop, or set `nativeButton` to `false`.
    at Button (webpack-internal:///(app-pages-browser)/./components/ui/button.tsx:15:87)
    at Navigation (webpack-internal:///(app-pages-browser)/./components/layout/Navigation.tsx:113:112)
    at DashboardPage (about://React/Server/webpack-internal:///(rsc)/./app/%5Blocale%5D/dashboard/page.tsx?39:84:88) @ :0
[  128254ms] [ERROR] Base UI: A component that acts as a button expected a native <button> because the `nativeButton` prop is true. Rendering a non-<button> removes native button semantics, which can impact forms and accessibility. Use a real <button> in the `render` prop, or set `nativeButton` to `false`.
    at Button (webpack-internal:///(app-pages-browser)/./components/ui/button.tsx:15:87)
    at Navigation (webpack-internal:///(app-pages-browser)/./components/layout/Navigation.tsx:97:112)
    at DashboardPage (about://React/Server/webpack-internal:///(rsc)/./app/%5Blocale%5D/dashboard/page.tsx?39:84:88) @ :0
[  128254ms] [ERROR] Base UI: A component that acts as a button expected a native <button> because the `nativeButton` prop is true. Rendering a non-<button> removes native button semantics, which can impact forms and accessibility. Use a real <button> in the `render` prop, or set `nativeButton` to `false`.
    at Button (webpack-internal:///(app-pages-browser)/./components/ui/button.tsx:15:87)
    at Navigation (webpack-internal:///(app-pages-browser)/./components/layout/Navigation.tsx:113:112)
    at DashboardPage (about://React/Server/webpack-internal:///(rsc)/./app/%5Blocale%5D/dashboard/page.tsx?39:84:88) @ :0
[  131949ms] [ERROR] Base UI: A component that acts as a button expected a native <button> because the `nativeButton` prop is true. Rendering a non-<button> removes native button semantics, which can impact forms and accessibility. Use a real <button> in the `render` prop, or set `nativeButton` to `false`.
    at Button (webpack-internal:///(app-pages-browser)/./components/ui/button.tsx:15:87)
    at Navigation (webpack-internal:///(app-pages-browser)/./components/layout/Navigation.tsx:100:112)
    at DashboardPage (about://React/Server/webpack-internal:///(rsc)/./app/%5Blocale%5D/dashboard/page.tsx?35:84:88) @ :0
[  131949ms] [ERROR] Base UI: A component that acts as a button expected a native <button> because the `nativeButton` prop is true. Rendering a non-<button> removes native button semantics, which can impact forms and accessibility. Use a real <button> in the `render` prop, or set `nativeButton` to `false`.
    at Button (webpack-internal:///(app-pages-browser)/./components/ui/button.tsx:15:87)
    at Navigation (webpack-internal:///(app-pages-browser)/./components/layout/Navigation.tsx:116:112)
    at DashboardPage (about://React/Server/webpack-internal:///(rsc)/./app/%5Blocale%5D/dashboard/page.tsx?35:84:88) @ :0
[  133870ms] [ERROR] Base UI: A component that acts as a button expected a native <button> because the `nativeButton` prop is true. Rendering a non-<button> removes native button semantics, which can impact forms and accessibility. Use a real <button> in the `render` prop, or set `nativeButton` to `false`.
    at Button (webpack-internal:///(app-pages-browser)/./components/ui/button.tsx:15:87)
    at Navigation (webpack-internal:///(app-pages-browser)/./components/layout/Navigation.tsx:100:112)
    at DashboardPage (about://React/Server/webpack-internal:///(rsc)/./app/%5Blocale%5D/dashboard/page.tsx?39:84:88) @ :0
[  133871ms] [ERROR] Base UI: A component that acts as a button expected a native <button> because the `nativeButton` prop is true. Rendering a non-<button> removes native button semantics, which can impact forms and accessibility. Use a real <button> in the `render` prop, or set `nativeButton` to `false`.
    at Button (webpack-internal:///(app-pages-browser)/./components/ui/button.tsx:15:87)
    at Navigation (webpack-internal:///(app-pages-browser)/./components/layout/Navigation.tsx:116:112)
    at DashboardPage (about://React/Server/webpack-internal:///(rsc)/./app/%5Blocale%5D/dashboard/page.tsx?39:84:88) @ :0
[  136867ms] [ERROR] Base UI: A component that acts as a button expected a native <button> because the `nativeButton` prop is true. Rendering a non-<button> removes native button semantics, which can impact forms and accessibility. Use a real <button> in the `render` prop, or set `nativeButton` to `false`.
    at Button (webpack-internal:///(app-pages-browser)/./components/ui/button.tsx:15:87)
    at Navigation (webpack-internal:///(app-pages-browser)/./components/layout/Navigation.tsx:100:112)
    at DashboardPage (about://React/Server/webpack-internal:///(rsc)/./app/%5Blocale%5D/dashboard/page.tsx?39:84:88) @ :0
[  136868ms] [ERROR] Base UI: A component that acts as a button expected a native <button> because the `nativeButton` prop is true. Rendering a non-<button> removes native button semantics, which can impact forms and accessibility. Use a real <button> in the `render` prop, or set `nativeButton` to `false`.
    at Button (webpack-internal:///(app-pages-browser)/./components/ui/button.tsx:15:87)
    at Navigation (webpack-internal:///(app-pages-browser)/./components/layout/Navigation.tsx:116:112)
    at DashboardPage (about://React/Server/webpack-internal:///(rsc)/./app/%5Blocale%5D/dashboard/page.tsx?39:84:88) @ :0
[  138817ms] [ERROR] Base UI: A component that acts as a button expected a native <button> because the `nativeButton` prop is true. Rendering a non-<button> removes native button semantics, which can impact forms and accessibility. Use a real <button> in the `render` prop, or set `nativeButton` to `false`.
    at Button (webpack-internal:///(app-pages-browser)/./components/ui/button.tsx:15:87)
    at Navigation (webpack-internal:///(app-pages-browser)/./components/layout/Navigation.tsx:100:112)
    at DashboardPage (about://React/Server/webpack-internal:///(rsc)/./app/%5Blocale%5D/dashboard/page.tsx?35:84:88) @ :0
[  138818ms] [ERROR] Base UI: A component that acts as a button expected a native <button> because the `nativeButton` prop is true. Rendering a non-<button> removes native button semantics, which can impact forms and accessibility. Use a real <button> in the `render` prop, or set `nativeButton` to `false`.
    at Button (webpack-internal:///(app-pages-browser)/./components/ui/button.tsx:15:87)
    at Navigation (webpack-internal:///(app-pages-browser)/./components/layout/Navigation.tsx:116:112)
    at DashboardPage (about://React/Server/webpack-internal:///(rsc)/./app/%5Blocale%5D/dashboard/page.tsx?35:84:88) @ :0
[  154088ms] [ERROR] Base UI: A component that acts as a button expected a native <button> because the `nativeButton` prop is true. Rendering a non-<button> removes native button semantics, which can impact forms and accessibility. Use a real <button> in the `render` prop, or set `nativeButton` to `false`.
    at Button (webpack-internal:///(app-pages-browser)/./components/ui/button.tsx:15:87)
    at Navigation (webpack-internal:///(app-pages-browser)/./components/layout/Navigation.tsx:100:112)
    at HomePage (about://React/Server/webpack-internal:///(rsc)/./app/%5Blocale%5D/page.tsx?28:35:88) @ :0
[  154088ms] [ERROR] Base UI: A component that acts as a button expected a native <button> because the `nativeButton` prop is true. Rendering a non-<button> removes native button semantics, which can impact forms and accessibility. Use a real <button> in the `render` prop, or set `nativeButton` to `false`.
    at Button (webpack-internal:///(app-pages-browser)/./components/ui/button.tsx:15:87)
    at Navigation (webpack-internal:///(app-pages-browser)/./components/layout/Navigation.tsx:116:112)
    at HomePage (about://React/Server/webpack-internal:///(rsc)/./app/%5Blocale%5D/page.tsx?28:35:88) @ :0
[  174326ms] [ERROR] Base UI: A component that acts as a button expected a native <button> because the `nativeButton` prop is true. Rendering a non-<button> removes native button semantics, which can impact forms and accessibility. Use a real <button> in the `render` prop, or set `nativeButton` to `false`.
    at Button (webpack-internal:///(app-pages-browser)/./components/ui/button.tsx:15:87)
    at Navigation (webpack-internal:///(app-pages-browser)/./components/layout/Navigation.tsx:100:112)
    at HomePage (about://React/Server/webpack-internal:///(rsc)/./app/%5Blocale%5D/page.tsx?28:35:88) @ :0
[  174327ms] [ERROR] Base UI: A component that acts as a button expected a native <button> because the `nativeButton` prop is true. Rendering a non-<button> removes native button semantics, which can impact forms and accessibility. Use a real <button> in the `render` prop, or set `nativeButton` to `false`.
    at Button (webpack-internal:///(app-pages-browser)/./components/ui/button.tsx:15:87)
    at Navigation (webpack-internal:///(app-pages-browser)/./components/layout/Navigation.tsx:116:112)
    at HomePage (about://React/Server/webpack-internal:///(rsc)/./app/%5Blocale%5D/page.tsx?28:35:88) @ :0
[  176130ms] [ERROR] Base UI: A component that acts as a button expected a native <button> because the `nativeButton` prop is true. Rendering a non-<button> removes native button semantics, which can impact forms and accessibility. Use a real <button> in the `render` prop, or set `nativeButton` to `false`.
    at Button (webpack-internal:///(app-pages-browser)/./components/ui/button.tsx:15:87)
    at Navigation (webpack-internal:///(app-pages-browser)/./components/layout/Navigation.tsx:100:112)
    at HomePage (about://React/Server/webpack-internal:///(rsc)/./app/%5Blocale%5D/page.tsx?28:35:88) @ :0
[  176131ms] [ERROR] Base UI: A component that acts as a button expected a native <button> because the `nativeButton` prop is true. Rendering a non-<button> removes native button semantics, which can impact forms and accessibility. Use a real <button> in the `render` prop, or set `nativeButton` to `false`.
    at Button (webpack-internal:///(app-pages-browser)/./components/ui/button.tsx:15:87)
    at Navigation (webpack-internal:///(app-pages-browser)/./components/layout/Navigation.tsx:116:112)
    at HomePage (about://React/Server/webpack-internal:///(rsc)/./app/%5Blocale%5D/page.tsx?28:35:88) @ :0
[  196101ms] [ERROR] Base UI: A component that acts as a button expected a native <button> because the `nativeButton` prop is true. Rendering a non-<button> removes native button semantics, which can impact forms and accessibility. Use a real <button> in the `render` prop, or set `nativeButton` to `false`.
    at Button (webpack-internal:///(app-pages-browser)/./components/ui/button.tsx:15:87)
    at Navigation (webpack-internal:///(app-pages-browser)/./components/layout/Navigation.tsx:100:112)
    at BookmarksPage (about://React/Server/webpack-internal:///(rsc)/./app/%5Blocale%5D/dashboard/bookmarks/page.tsx?30:45:88) @ :0
[  196102ms] [ERROR] Base UI: A component that acts as a button expected a native <button> because the `nativeButton` prop is true. Rendering a non-<button> removes native button semantics, which can impact forms and accessibility. Use a real <button> in the `render` prop, or set `nativeButton` to `false`.
    at Button (webpack-internal:///(app-pages-browser)/./components/ui/button.tsx:15:87)
    at Navigation (webpack-internal:///(app-pages-browser)/./components/layout/Navigation.tsx:116:112)
    at BookmarksPage (about://React/Server/webpack-internal:///(rsc)/./app/%5Blocale%5D/dashboard/bookmarks/page.tsx?30:45:88) @ :0
[  198204ms] [ERROR] Base UI: A component that acts as a button expected a native <button> because the `nativeButton` prop is true. Rendering a non-<button> removes native button semantics, which can impact forms and accessibility. Use a real <button> in the `render` prop, or set `nativeButton` to `false`.
    at Button (webpack-internal:///(app-pages-browser)/./components/ui/button.tsx:15:87)
    at Navigation (webpack-internal:///(app-pages-browser)/./components/layout/Navigation.tsx:100:112)
    at DashboardArticlesPage (about://React/Server/webpack-internal:///(rsc)/./app/%5Blocale%5D/dashboard/articles/page.tsx?34:67:88) @ :0
[  198205ms] [ERROR] Base UI: A component that acts as a button expected a native <button> because the `nativeButton` prop is true. Rendering a non-<button> removes native button semantics, which can impact forms and accessibility. Use a real <button> in the `render` prop, or set `nativeButton` to `false`.
    at Button (webpack-internal:///(app-pages-browser)/./components/ui/button.tsx:15:87)
    at Navigation (webpack-internal:///(app-pages-browser)/./components/layout/Navigation.tsx:116:112)
    at DashboardArticlesPage (about://React/Server/webpack-internal:///(rsc)/./app/%5Blocale%5D/dashboard/articles/page.tsx?34:67:88) @ :0
[  202218ms] [ERROR] Base UI: A component that acts as a button expected a native <button> because the `nativeButton` prop is true. Rendering a non-<button> removes native button semantics, which can impact forms and accessibility. Use a real <button> in the `render` prop, or set `nativeButton` to `false`.
    at Button (webpack-internal:///(app-pages-browser)/./components/ui/button.tsx:15:87)
    at Navigation (webpack-internal:///(app-pages-browser)/./components/layout/Navigation.tsx:100:112)
    at HomePage (about://React/Server/webpack-internal:///(rsc)/./app/%5Blocale%5D/page.tsx?28:35:88) @ :0
[  202218ms] [ERROR] Base UI: A component that acts as a button expected a native <button> because the `nativeButton` prop is true. Rendering a non-<button> removes native button semantics, which can impact forms and accessibility. Use a real <button> in the `render` prop, or set `nativeButton` to `false`.
    at Button (webpack-internal:///(app-pages-browser)/./components/ui/button.tsx:15:87)
    at Navigation (webpack-internal:///(app-pages-browser)/./components/layout/Navigation.tsx:116:112)
    at HomePage (about://React/Server/webpack-internal:///(rsc)/./app/%5Blocale%5D/page.tsx?28:35:88) @ :0
